<?xml version="1.0" encoding="UTF-8"?>
<!-- Generated by org.testng.reporters.JUnitReportReporter -->
<testsuite hostname="Namitas-MacBook-Air.local" failures="0" tests="1" name="ecommerceSeleniumProject.HomePageTest" time="12.636" errors="0" timestamp="2025-08-11T23:00:26 BST" skipped="0">
  <testcase classname="ecommerceSeleniumProject.HomePageTest" name="homePageTest" time="12.636"/>
</testsuite> <!-- ecommerceSeleniumProject.HomePageTest -->
